
  .   ____          _            __ _ _
 /\\ / ___'_ __ _ _(_)_ __  __ _ \ \ \ \
( ( )\___ | '_ | '_| | '_ \/ _` | \ \ \ \
 \\/  ___)| |_)| | | | | || (_| |  ) ) ) )
  '  |____| .__|_| |_|_| |_\__, | / / / /
 =========|_|==============|___/=/_/_/_/

 :: Spring Boot ::                (v4.0.3)

2026-03-12T14:02:00.797+05:30  INFO 20692 --- [           main] c.h.o.OnlineBankingApplication           : Starting OnlineBankingApplication v0.0.1-SNAPSHOT using Java 25.0.2 with PID 20692 (D:\Abstract\Online-banking-angular-springboot-mysql-master\target\online-banking-0.0.1-SNAPSHOT.jar started by achyu in d:\Abstract\Online-banking-angular-springboot-mysql-master)
2026-03-12T14:02:00.808+05:30  INFO 20692 --- [           main] c.h.o.OnlineBankingApplication           : No active profile set, falling back to 1 default profile: "default"
2026-03-12T14:02:03.432+05:30  INFO 20692 --- [           main] .s.d.r.c.RepositoryConfigurationDelegate : Bootstrapping Spring Data JPA repositories in DEFAULT mode.
2026-03-12T14:02:03.673+05:30  INFO 20692 --- [           main] .s.d.r.c.RepositoryConfigurationDelegate : Finished Spring Data repository scanning in 194 ms. Found 10 JPA repository interfaces.
2026-03-12T14:02:05.817+05:30  INFO 20692 --- [           main] o.s.boot.tomcat.TomcatWebServer          : Tomcat initialized with port 8080 (http)
2026-03-12T14:02:05.904+05:30  INFO 20692 --- [           main] o.apache.catalina.core.StandardService   : Starting service [Tomcat]
2026-03-12T14:02:05.906+05:30  INFO 20692 --- [           main] o.apache.catalina.core.StandardEngine    : Starting Servlet engine: [Apache Tomcat/11.0.18]
2026-03-12T14:02:06.086+05:30  INFO 20692 --- [           main] b.w.c.s.WebApplicationContextInitializer : Root WebApplicationContext: initialization completed in 5137 ms
2026-03-12T14:02:06.726+05:30  INFO 20692 --- [           main] org.hibernate.orm.jpa                    : HHH008540: Processing PersistenceUnitInfo [name: default]
2026-03-12T14:02:06.891+05:30  INFO 20692 --- [           main] org.hibernate.orm.core                   : HHH000001: Hibernate ORM core version 7.2.4.Final
2026-03-12T14:02:08.306+05:30  INFO 20692 --- [           main] o.s.o.j.p.SpringPersistenceUnitInfo      : No LoadTimeWeaver setup: ignoring JPA class transformer
2026-03-12T14:02:08.414+05:30  INFO 20692 --- [           main] com.zaxxer.hikari.HikariDataSource       : HikariPool-1 - Starting...
2026-03-12T14:02:08.845+05:30  INFO 20692 --- [           main] com.zaxxer.hikari.pool.HikariPool        : HikariPool-1 - Added connection com.mysql.cj.jdbc.ConnectionImpl@6068cda1
2026-03-12T14:02:08.849+05:30  INFO 20692 --- [           main] com.zaxxer.hikari.HikariDataSource       : HikariPool-1 - Start completed.
2026-03-12T14:02:08.949+05:30  WARN 20692 --- [           main] org.hibernate.orm.deprecation            : HHH90000025: MySQLDialect does not need to be specified explicitly using 'hibernate.dialect' (remove the property setting and it will be selected by default)
2026-03-12T14:02:08.989+05:30  INFO 20692 --- [           main] org.hibernate.orm.connections.pooling    : HHH10001005: Database info:
	Database JDBC URL [jdbc:mysql://localhost:3306/bankdb?createDatabaseIfNotExist=true&serverTimezone=Asia/Kolkata&useSSL=false&allowPublicKeyRetrieval=true]
	Database driver: MySQL Connector/J
	Database dialect: MySQLDialect
	Database version: 8.0.45
	Default catalog/schema: bankdb/undefined
	Autocommit mode: undefined/unknown
	Isolation level: REPEATABLE_READ [default REPEATABLE_READ]
	JDBC fetch size: none
	Pool: DataSourceConnectionProvider
	Minimum pool size: undefined/unknown
	Maximum pool size: undefined/unknown
2026-03-12T14:02:12.124+05:30  INFO 20692 --- [           main] org.hibernate.orm.core                   : HHH000489: No JTA platform available (set 'hibernate.transaction.jta.platform' to enable JTA platform integration)
2026-03-12T14:02:12.373+05:30  INFO 20692 --- [           main] j.LocalContainerEntityManagerFactoryBean : Initialized JPA EntityManagerFactory for persistence unit 'default'
2026-03-12T14:02:12.548+05:30  INFO 20692 --- [           main] o.s.d.j.r.query.QueryEnhancerFactories   : Hibernate is in classpath; If applicable, HQL parser will be used.
Hibernate: 
    select
        pa1_0.id,
        pa1_0.account_balance,
        pa1_0.account_number 
    from
        primary_account pa1_0 
    order by
        pa1_0.account_number desc 
    limit
        ?
Hibernate: 
    select
        sa1_0.id,
        sa1_0.account_balance,
        sa1_0.account_number 
    from
        savings_account sa1_0 
    order by
        sa1_0.account_number desc 
    limit
        ?
2026-03-12T14:02:16.644+05:30  WARN 20692 --- [           main] JpaBaseConfiguration$JpaWebConfiguration : spring.jpa.open-in-view is enabled by default. Therefore, database queries may be performed during view rendering. Explicitly configure spring.jpa.open-in-view to disable this warning
2026-03-12T14:02:16.829+05:30  INFO 20692 --- [           main] eAuthenticationProviderManagerConfigurer : Global AuthenticationManager configured with AuthenticationProvider bean with name authenticationProvider
2026-03-12T14:02:16.830+05:30  WARN 20692 --- [           main] r$InitializeUserDetailsManagerConfigurer : Global AuthenticationManager configured with an AuthenticationProvider bean. UserDetailsService beans will not be used by Spring Security for automatically configuring username/password login. Consider removing the AuthenticationProvider bean. Alternatively, consider using the UserDetailsService in a manually instantiated DaoAuthenticationProvider. If the current configuration is intentional, to turn off this warning, increase the logging level of 'org.springframework.security.config.annotation.authentication.configuration.InitializeUserDetailsBeanManagerConfigurer' to ERROR
2026-03-12T14:02:17.558+05:30  INFO 20692 --- [           main] o.s.b.w.a.WelcomePageHandlerMapping      : Adding welcome page template: index
2026-03-12T14:02:19.344+05:30  INFO 20692 --- [           main] o.s.boot.tomcat.TomcatWebServer          : Tomcat started on port 8080 (http) with context path '/'
2026-03-12T14:02:19.403+05:30  INFO 20692 --- [           main] c.h.o.OnlineBankingApplication           : Started OnlineBankingApplication in 19.814 seconds (process running for 21.498)
Hibernate: 
    select
        count(*) 
    from
        role r1_0
2026-03-12T14:02:19.608+05:30  INFO 20692 --- [           main] c.h.onlinebanking.config.DataLoader      : Found 2 roles in database
Hibernate: 
    select
        u1_0.user_id,
        u1_0.daily_transfer_limit,
        u1_0.daily_withdraw_limit,
        u1_0.email,
        u1_0.enabled,
        u1_0.first_name,
        u1_0.last_name,
        u1_0.password,
        u1_0.phone,
        u1_0.primary_account_id,
        u1_0.savings_account_id,
        u1_0.username 
    from
        user u1_0 
    where
        u1_0.username=?
Hibernate: 
    select
        pa1_0.id,
        pa1_0.account_balance,
        pa1_0.account_number 
    from
        primary_account pa1_0 
    where
        pa1_0.id=?
Hibernate: 
    select
        sa1_0.id,
        sa1_0.account_balance,
        sa1_0.account_number 
    from
        savings_account sa1_0 
    where
        sa1_0.id=?
Hibernate: 
    select
        ur1_0.user_id,
        ur1_0.user_role_id,
        r1_0.role_id,
        r1_0.name 
    from
        user_role ur1_0 
    left join
        role r1_0 
            on r1_0.role_id=ur1_0.role_id 
    where
        ur1_0.user_id=?
2026-03-12T14:02:19.728+05:30  INFO 20692 --- [           main] c.h.onlinebanking.config.DataLoader      : Default user 'yu71' already exists
2026-03-12T14:02:34.004+05:30  INFO 20692 --- [nio-8080-exec-1] o.a.c.c.C.[Tomcat].[localhost].[/]       : Initializing Spring DispatcherServlet 'dispatcherServlet'
2026-03-12T14:02:34.005+05:30  INFO 20692 --- [nio-8080-exec-1] o.s.web.servlet.DispatcherServlet        : Initializing Servlet 'dispatcherServlet'
2026-03-12T14:02:34.008+05:30  INFO 20692 --- [nio-8080-exec-1] o.s.web.servlet.DispatcherServlet        : Completed initialization in 3 ms
